<?xml version="1.0" encoding="UTF-8"?>
<testng-results ignored="0" total="1" passed="1" failed="0" skipped="0">
  <reporter-output>
  </reporter-output>
  <suite started-at="2019-12-06T01:07:07 EST" name="Default suite" finished-at="2019-12-06T01:07:35 EST" duration-ms="27161">
    <groups>
    </groups>
    <test started-at="2019-12-06T01:07:07 EST" name="Default test" finished-at="2019-12-06T01:07:35 EST" duration-ms="27161">
      <class name="com.training.sanity.tests.LoanCalculate">
        <test-method is-config="true" signature="setUpBeforeClass()[pri:0, instance:com.training.sanity.tests.LoanCalculate@5bfa9431]" started-at="2019-12-06T01:07:07 EST" name="setUpBeforeClass" finished-at="2019-12-06T01:07:07 EST" duration-ms="17" status="PASS">
          <reporter-output>
          </reporter-output>
        </test-method> <!-- setUpBeforeClass -->
        <test-method is-config="true" signature="setUp()[pri:0, instance:com.training.sanity.tests.LoanCalculate@5bfa9431]" started-at="2019-12-06T01:07:07 EST" name="setUp" finished-at="2019-12-06T01:07:20 EST" duration-ms="12415" status="PASS">
          <reporter-output>
          </reporter-output>
        </test-method> <!-- setUp -->
        <test-method signature="Loancalculate()[pri:0, instance:com.training.sanity.tests.LoanCalculate@5bfa9431]" started-at="2019-12-06T01:07:20 EST" name="Loancalculate" finished-at="2019-12-06T01:07:32 EST" duration-ms="11709" status="PASS">
          <reporter-output>
          </reporter-output>
        </test-method> <!-- Loancalculate -->
        <test-method is-config="true" signature="tearDown()[pri:0, instance:com.training.sanity.tests.LoanCalculate@5bfa9431]" started-at="2019-12-06T01:07:32 EST" name="tearDown" finished-at="2019-12-06T01:07:35 EST" duration-ms="2953" status="PASS">
          <reporter-output>
          </reporter-output>
        </test-method> <!-- tearDown -->
      </class> <!-- com.training.sanity.tests.LoanCalculate -->
    </test> <!-- Default test -->
  </suite> <!-- Default suite -->
</testng-results>
